<?xml version="1.0" encoding="UTF-8"?>
<!-- Generated by org.testng.reporters.JUnitXMLReporter -->
<testsuite ignored="0" hostname="DESKTOP-AAH9BAV" failures="0" tests="5" name="Default test" time="126.605" errors="0" timestamp="2023-03-31T20:54:41 IST">
  <testcase classname="testPages.InstituteFacultyPage_Test" name="loginInstituteAfterOnboardRegistration" time="39.914"/>
  <testcase classname="testPages.Institute_Onboarding_Page_Test" name="RegisterInstitute" time="14.37"/>
  <testcase classname="testPages.LoginPage_Tests" name="login" time="9.336"/>
  <testcase classname="testPages.LoginPage_Tests" name="login" time="17.23"/>
  <testcase classname="testPages.LoginPage_Tests" name="login" time="11.622"/>
</testsuite> <!-- Default test -->
