<?xml version="1.0" encoding="UTF-8"?>
<!-- Generated by org.testng.reporters.JUnitXMLReporter -->
<testsuite ignored="0" hostname="DESKTOP-AAH9BAV" failures="0" tests="5" name="Test" time="67.825" errors="0" timestamp="2023-03-21T14:22:13 IST">
  <testcase classname="AdminModuleTestCase.AllCredLoginPage_Test" name="insuranceCalculate" time="18.319"/>
  <testcase classname="AdminModuleTestCase.AllCredLoginPage_Test" name="insuranceCalculate" time="10.351"/>
  <testcase classname="AdminModuleTestCase.AllCredLoginPage_Test" name="insuranceCalculate" time="11.629"/>
  <testcase classname="AdminModuleTestCase.AllCredLoginPage_Test" name="insuranceCalculate" time="10.246"/>
  <testcase classname="AdminModuleTestCase.LoginPage_Tests" name="loginPage" time="6.66"/>
</testsuite> <!-- Test -->
