<?xml version="1.0" encoding="UTF-8"?>
<!-- Generated by org.testng.reporters.JUnitXMLReporter -->
<testsuite ignored="1" hostname="DESKTOP-AAH9BAV" failures="1" tests="2" name="Test" time="22.283" errors="0" timestamp="2023-03-27T23:55:21 IST">
  <testcase classname="AdminModuleTestCase.InstituteOnboardingRegistration_Test" name="RegisterInstitute" time="14.815">
    <failure type="java.lang.NullPointerException" message="Cannot invoke &amp;quot;String.toString()&amp;quot; because the return value of &amp;quot;java.util.HashMap.get(Object)&amp;quot; is null">
      <![CDATA[java.lang.NullPointerException: Cannot invoke "String.toString()" because the return value of "java.util.HashMap.get(Object)" is null
at pageObjects.AllCredLoginPageObjects.allCredLogin(AllCredLoginPageObjects.java:37)
at AdminModuleTestCase.InstituteOnboardingRegistration_Test.RegisterInstitute(InstituteOnboardingRegistration_Test.java:37)
at java.base/java.util.ArrayList.forEach(ArrayList.java:1511)
... Removed 27 stack frames]]>
    </failure>
  </testcase> <!-- RegisterInstitute -->
  <testcase classname="AdminModuleTestCase.AllCredLoginPage_Test" name="loginInstituteAfterOnboardRegistration" time="0.0">
    <skipped/>
  </testcase> <!-- loginInstituteAfterOnboardRegistration -->
  <testcase classname="AdminModuleTestCase.AllCredLoginPage_Test" name="login" time="0.0">
    <ignored/>
  </testcase> <!-- login -->
</testsuite> <!-- Test -->
