<?xml version="1.0" encoding="UTF-8"?>
<testng-results ignored="0" total="6" passed="6" failed="0" skipped="0">
  <reporter-output>
  </reporter-output>
  <suite started-at="2023-03-31T20:30:50 IST" name="Suite" finished-at="2023-03-31T20:32:27 IST" duration-ms="96149">
    <groups>
    </groups>
    <test started-at="2023-03-31T20:30:50 IST" name="Test" finished-at="2023-03-31T20:32:27 IST" duration-ms="96149">
      <class name="testPages.InstituteFacultyPage_Test">
        <test-method is-config="true" signature="setupMethod()[pri:0, instance:testPages.InstituteFacultyPage_Test@3a62c01e]" started-at="2023-03-31T20:31:54 IST" name="setupMethod" finished-at="2023-03-31T20:31:55 IST" duration-ms="1431" status="PASS">
          <reporter-output>
          </reporter-output>
        </test-method> <!-- setupMethod -->
        <test-method signature="loginInstituteAfterOnboardRegistration(java.lang.Object)[pri:0, instance:testPages.InstituteFacultyPage_Test@3a62c01e]" started-at="2023-03-31T20:31:55 IST" name="loginInstituteAfterOnboardRegistration" data-provider="institutefacultyflow" finished-at="2023-03-31T20:32:26 IST" duration-ms="31389" status="PASS">
          <params>
            <param index="0">
              <value>
                <![CDATA[{passwordFaculty=password, Email=testFaculty@gmail.com, usernameFaculty=testFaculty@gmail.com, Address=bangalore, roleFaculty=Faculty, ConfirmPassword=password, Role=Institute, Occupation=occupation, password=welcome, Username=faculty123, Biography=biography, PhoneNumber=8956895689, ChooseSubject=Biology, username=sampleTestInstitute@gmail.com, Password=password}]]>
              </value>
            </param>
          </params>
          <reporter-output>
          </reporter-output>
        </test-method> <!-- loginInstituteAfterOnboardRegistration -->
        <test-method is-config="true" signature="cleanUp()[pri:0, instance:testPages.InstituteFacultyPage_Test@3a62c01e]" started-at="2023-03-31T20:32:26 IST" name="cleanUp" finished-at="2023-03-31T20:32:27 IST" duration-ms="102" status="PASS">
          <reporter-output>
          </reporter-output>
        </test-method> <!-- cleanUp -->
      </class> <!-- testPages.InstituteFacultyPage_Test -->
      <class name="testPages.Institute_Onboarding_Page_Test">
        <test-method is-config="true" signature="setupMethod()[pri:0, instance:testPages.Institute_Onboarding_Page_Test@50fe837a]" started-at="2023-03-31T20:31:37 IST" name="setupMethod" finished-at="2023-03-31T20:31:39 IST" duration-ms="1579" status="PASS">
          <reporter-output>
          </reporter-output>
        </test-method> <!-- setupMethod -->
        <test-method signature="RegisterInstitute(java.lang.Object)[pri:0, instance:testPages.Institute_Onboarding_Page_Test@50fe837a]" started-at="2023-03-31T20:31:39 IST" name="RegisterInstitute" data-provider="RegisterInstitute" finished-at="2023-03-31T20:31:54 IST" duration-ms="14899" status="PASS">
          <params>
            <param index="0">
              <value>
                <![CDATA[{Email=sampleTestInstitute@gmail.com, State=Karnataka, FullName=SampleTestInstitute, PhoneNumber=5689568956, MailingAddress=Bangalore, City=Bidar, PhotoUpload=C:\Users\User\git\SNI-Framework\src\test\resources\sample.jpg, Password=welcome, ConfirmPassword=welcome}]]>
              </value>
            </param>
          </params>
          <reporter-output>
          </reporter-output>
        </test-method> <!-- RegisterInstitute -->
        <test-method is-config="true" signature="cleanUp()[pri:0, instance:testPages.Institute_Onboarding_Page_Test@50fe837a]" started-at="2023-03-31T20:31:54 IST" name="cleanUp" finished-at="2023-03-31T20:31:54 IST" duration-ms="97" status="PASS">
          <reporter-output>
          </reporter-output>
        </test-method> <!-- cleanUp -->
      </class> <!-- testPages.Institute_Onboarding_Page_Test -->
      <class name="testPages.LoginPage_Tests">
        <test-method is-config="true" signature="setupMethod()[pri:0, instance:testPages.LoginPage_Tests@3c435123]" started-at="2023-03-31T20:30:50 IST" name="setupMethod" finished-at="2023-03-31T20:30:53 IST" duration-ms="2569" status="PASS">
          <reporter-output>
          </reporter-output>
        </test-method> <!-- setupMethod -->
        <test-method signature="login(java.lang.Object)[pri:0, instance:testPages.LoginPage_Tests@3c435123]" started-at="2023-03-31T20:30:53 IST" name="login" data-provider="allLogin" finished-at="2023-03-31T20:31:02 IST" duration-ms="8533" status="PASS">
          <params>
            <param index="0">
              <value>
                <![CDATA[{Role=Admin, password=Admin123, TC Name=Verify able to login as Admin, TC No=1, username=hr@snipe.co.in}]]>
              </value>
            </param>
          </params>
          <reporter-output>
          </reporter-output>
        </test-method> <!-- login -->
        <test-method is-config="true" signature="cleanUp()[pri:0, instance:testPages.LoginPage_Tests@3c435123]" started-at="2023-03-31T20:31:02 IST" name="cleanUp" finished-at="2023-03-31T20:31:02 IST" duration-ms="117" status="PASS">
          <reporter-output>
          </reporter-output>
        </test-method> <!-- cleanUp -->
        <test-method is-config="true" signature="setupMethod()[pri:0, instance:testPages.LoginPage_Tests@3c435123]" started-at="2023-03-31T20:31:02 IST" name="setupMethod" finished-at="2023-03-31T20:31:03 IST" duration-ms="1429" status="PASS">
          <reporter-output>
          </reporter-output>
        </test-method> <!-- setupMethod -->
        <test-method signature="login(java.lang.Object)[pri:0, instance:testPages.LoginPage_Tests@3c435123]" started-at="2023-03-31T20:31:03 IST" name="login" data-provider="allLogin" finished-at="2023-03-31T20:31:12 IST" duration-ms="8400" status="PASS">
          <params>
            <param index="0">
              <value>
                <![CDATA[{Role=Institute, password=welcome@123, TC Name=Verify able to login as Institute, TC No=2, username=test2@gmail.com}]]>
              </value>
            </param>
          </params>
          <reporter-output>
          </reporter-output>
        </test-method> <!-- login -->
        <test-method is-config="true" signature="cleanUp()[pri:0, instance:testPages.LoginPage_Tests@3c435123]" started-at="2023-03-31T20:31:12 IST" name="cleanUp" finished-at="2023-03-31T20:31:12 IST" duration-ms="820" status="PASS">
          <reporter-output>
          </reporter-output>
        </test-method> <!-- cleanUp -->
        <test-method is-config="true" signature="setupMethod()[pri:0, instance:testPages.LoginPage_Tests@3c435123]" started-at="2023-03-31T20:31:12 IST" name="setupMethod" finished-at="2023-03-31T20:31:14 IST" duration-ms="1487" status="PASS">
          <reporter-output>
          </reporter-output>
        </test-method> <!-- setupMethod -->
        <test-method signature="login(java.lang.Object)[pri:0, instance:testPages.LoginPage_Tests@3c435123]" started-at="2023-03-31T20:31:14 IST" name="login" data-provider="allLogin" finished-at="2023-03-31T20:31:24 IST" duration-ms="10563" status="PASS">
          <params>
            <param index="0">
              <value>
                <![CDATA[{Role=Faculty, password=welcome@123, TC Name=Verify able to login as Faculty, TC No=3, username=test3@gmail.com}]]>
              </value>
            </param>
          </params>
          <reporter-output>
          </reporter-output>
        </test-method> <!-- login -->
        <test-method is-config="true" signature="cleanUp()[pri:0, instance:testPages.LoginPage_Tests@3c435123]" started-at="2023-03-31T20:31:24 IST" name="cleanUp" finished-at="2023-03-31T20:31:25 IST" duration-ms="111" status="PASS">
          <reporter-output>
          </reporter-output>
        </test-method> <!-- cleanUp -->
        <test-method is-config="true" signature="setupMethod()[pri:0, instance:testPages.LoginPage_Tests@3c435123]" started-at="2023-03-31T20:31:25 IST" name="setupMethod" finished-at="2023-03-31T20:31:27 IST" duration-ms="2270" status="PASS">
          <reporter-output>
          </reporter-output>
        </test-method> <!-- setupMethod -->
        <test-method signature="login(java.lang.Object)[pri:0, instance:testPages.LoginPage_Tests@3c435123]" started-at="2023-03-31T20:31:27 IST" name="login" data-provider="allLogin" finished-at="2023-03-31T20:31:36 IST" duration-ms="9047" status="PASS">
          <params>
            <param index="0">
              <value>
                <![CDATA[{Role=Student, password=welcome@123, TC Name=Verify able to login as Student, TC No=4, username=test1@gmail.com}]]>
              </value>
            </param>
          </params>
          <reporter-output>
          </reporter-output>
        </test-method> <!-- login -->
        <test-method is-config="true" signature="cleanUp()[pri:0, instance:testPages.LoginPage_Tests@3c435123]" started-at="2023-03-31T20:31:36 IST" name="cleanUp" finished-at="2023-03-31T20:31:37 IST" duration-ms="1250" status="PASS">
          <reporter-output>
          </reporter-output>
        </test-method> <!-- cleanUp -->
      </class> <!-- testPages.LoginPage_Tests -->
    </test> <!-- Test -->
  </suite> <!-- Suite -->
</testng-results>
