<?xml version="1.0" encoding="UTF-8"?>
<testng-results ignored="0" total="1" passed="1" failed="0" skipped="0">
  <reporter-output>
  </reporter-output>
  <suite started-at="2023-03-24T20:27:38 IST" name="Default suite" finished-at="2023-03-24T20:27:55 IST" duration-ms="16570">
    <groups>
    </groups>
    <test started-at="2023-03-24T20:27:38 IST" name="Default test" finished-at="2023-03-24T20:27:55 IST" duration-ms="16570">
      <class name="AdminModuleTestCase.InstituteFacultyPage_Test">
        <test-method is-config="true" signature="setupMethod()[pri:0, instance:AdminModuleTestCase.InstituteFacultyPage_Test@40f1be1b]" started-at="2023-03-24T20:27:38 IST" name="setupMethod" finished-at="2023-03-24T20:27:44 IST" duration-ms="5987" status="PASS">
          <reporter-output>
          </reporter-output>
        </test-method> <!-- setupMethod -->
        <test-method signature="login(java.lang.Object)[pri:0, instance:AdminModuleTestCase.InstituteFacultyPage_Test@40f1be1b]" started-at="2023-03-24T20:27:44 IST" name="login" data-provider="InstituteLogin" finished-at="2023-03-24T20:27:55 IST" duration-ms="10543" status="PASS">
          <params>
            <param index="0">
              <value>
                <![CDATA[{Email=testFaculty@gmail.com, Address=bangalore, TC No=1, ConfirmPassword=password, Role=Institute, Occupation=occupation, password=welcome, Username=faculty123, Biography=biography, PhoneNumber=8956895689, ChooseSubject=Biology, username=sampleTestInstitute@gmail.com, Password=password}]]>
              </value>
            </param>
          </params>
          <reporter-output>
          </reporter-output>
        </test-method> <!-- login -->
        <test-method is-config="true" signature="cleanUp()[pri:0, instance:AdminModuleTestCase.InstituteFacultyPage_Test@40f1be1b]" started-at="2023-03-24T20:27:55 IST" name="cleanUp" finished-at="2023-03-24T20:27:55 IST" duration-ms="0" status="PASS">
          <reporter-output>
          </reporter-output>
        </test-method> <!-- cleanUp -->
      </class> <!-- AdminModuleTestCase.InstituteFacultyPage_Test -->
    </test> <!-- Default test -->
  </suite> <!-- Default suite -->
</testng-results>
